127.0.0.1 - - [09/Mar/2015:03:43:49 +0000] "GET /p/users/queryAll HTTP/1.1" 200 66 "-" "Mozilla/5.0 (Windows NT 6.1; WOW64) AppleWebKit/537.36 (KHTML, like Gecko) Chrome/40.0.2214.115 Safari/537.36"
127.0.0.1 - - [09/Mar/2015:03:47:52 +0000] "GET /p/users/queryAll HTTP/1.1" 200 66 "-" "Mozilla/5.0 (Windows NT 6.1; WOW64) AppleWebKit/537.36 (KHTML, like Gecko) Chrome/40.0.2214.115 Safari/537.36"
127.0.0.1 - - [09/Mar/2015:13:30:55 +0000] "GET /p/users/ HTTP/1.1" 304 - "-" "Mozilla/5.0 (Windows NT 6.1; WOW64) AppleWebKit/537.36 (KHTML, like Gecko) Chrome/40.0.2214.115 Safari/537.36"
127.0.0.1 - - [09/Mar/2015:13:31:35 +0000] "POST /p/users/updateUser HTTP/1.1" 200 415 "http://localhost:3000/p/users/" "Mozilla/5.0 (Windows NT 6.1; WOW64) AppleWebKit/537.36 (KHTML, like Gecko) Chrome/40.0.2214.115 Safari/537.36"
127.0.0.1 - - [09/Mar/2015:13:31:44 +0000] "GET /p/users/ HTTP/1.1" 304 - "-" "Mozilla/5.0 (Windows NT 6.1; WOW64) AppleWebKit/537.36 (KHTML, like Gecko) Chrome/40.0.2214.115 Safari/537.36"
::1 - - [31/Dec/2015:07:14:02 +0000] "GET / HTTP/1.1" 304 - "-" "Mozilla/5.0 (Windows NT 10.0; WOW64) AppleWebKit/537.36 (KHTML, like Gecko) Chrome/46.0.2490.86 Safari/537.36"
::1 - - [31/Dec/2015:07:14:02 +0000] "GET / HTTP/1.1" 200 170 "-" "Mozilla/5.0 (Windows NT 10.0; WOW64) AppleWebKit/537.36 (KHTML, like Gecko) Chrome/46.0.2490.86 Safari/537.36"
::1 - - [31/Dec/2015:07:14:02 +0000] "GET /favicon.ico HTTP/1.1" 404 1135 "http://localhost:3000/" "Mozilla/5.0 (Windows NT 10.0; WOW64) AppleWebKit/537.36 (KHTML, like Gecko) Chrome/46.0.2490.86 Safari/537.36"
::1 - - [31/Dec/2015:07:14:57 +0000] "GET /p/users/addUser?name=xxd&age=123456 HTTP/1.1" 200 - "-" "Mozilla/5.0 (Windows NT 10.0; WOW64) AppleWebKit/537.36 (KHTML, like Gecko) Chrome/46.0.2490.86 Safari/537.36"
::1 - - [31/Dec/2015:07:15:29 +0000] "GET /p/users/addUser?name=xxd&age=123456 HTTP/1.1" 200 - "-" "Mozilla/5.0 (Windows NT 10.0; WOW64) AppleWebKit/537.36 (KHTML, like Gecko) Chrome/46.0.2490.86 Safari/537.36"
::1 - - [31/Dec/2015:07:16:55 +0000] "GET /p/users/queryAll HTTP/1.1" 200 2 "-" "Mozilla/5.0 (Windows NT 10.0; WOW64) AppleWebKit/537.36 (KHTML, like Gecko) Chrome/46.0.2490.86 Safari/537.36"
::1 - - [31/Dec/2015:07:17:09 +0000] "GET /p/users/query?id=1 HTTP/1.1" 200 2 "-" "Mozilla/5.0 (Windows NT 10.0; WOW64) AppleWebKit/537.36 (KHTML, like Gecko) Chrome/46.0.2490.86 Safari/537.36"
::1 - - [31/Dec/2015:07:17:16 +0000] "GET /p/users HTTP/1.1" 200 23 "-" "Mozilla/5.0 (Windows NT 10.0; WOW64) AppleWebKit/537.36 (KHTML, like Gecko) Chrome/46.0.2490.86 Safari/537.36"
::1 - - [31/Dec/2015:08:01:54 +0000] "GET / HTTP/1.1" 304 - "-" "Mozilla/5.0 (Windows NT 10.0; WOW64) AppleWebKit/537.36 (KHTML, like Gecko) Chrome/46.0.2490.86 Safari/537.36"
::1 - - [Thu, 31 Dec 2015 08:37:54 GMT] "GET / HTTP/1.1" 304 - "-" "Mozilla/5.0 (Windows NT 10.0; WOW64) AppleWebKit/537.36 (KHTML, like Gecko) Chrome/46.0.2490.86 Safari/537.36"
::1 - - [Thu, 31 Dec 2015 08:37:54 GMT] "GET /favicon.ico HTTP/1.1" 404 1173 "http://localhost:1337/" "Mozilla/5.0 (Windows NT 10.0; WOW64) AppleWebKit/537.36 (KHTML, like Gecko) Chrome/46.0.2490.86 Safari/537.36"
::1 - - [Thu, 31 Dec 2015 08:42:59 GMT] "GET /p/users/addUser?name=xxd&age=123456 HTTP/1.1" 200 - "-" "Mozilla/5.0 (Windows NT 10.0; WOW64) AppleWebKit/537.36 (KHTML, like Gecko) Chrome/46.0.2490.86 Safari/537.36"
::1 - - [Thu, 31 Dec 2015 08:46:31 GMT] "GET / HTTP/1.1" 304 - "-" "Mozilla/5.0 (Windows NT 10.0; WOW64) AppleWebKit/537.36 (KHTML, like Gecko) Chrome/46.0.2490.86 Safari/537.36"
::1 - - [Thu, 31 Dec 2015 08:47:15 GMT] "GET /p/users/addUser?name=xxd&age=12&password=123456 HTTP/1.1" 200 - "-" "Mozilla/5.0 (Windows NT 10.0; WOW64) AppleWebKit/537.36 (KHTML, like Gecko) Chrome/46.0.2490.86 Safari/537.36"
::1 - - [Thu, 31 Dec 2015 08:50:21 GMT] "GET / HTTP/1.1" 304 - "-" "Mozilla/5.0 (Windows NT 10.0; WOW64) AppleWebKit/537.36 (KHTML, like Gecko) Chrome/46.0.2490.86 Safari/537.36"
::1 - - [Thu, 31 Dec 2015 08:51:22 GMT] "GET /p/users/addUser?name=xxd&age=12&password=123456 HTTP/1.1" 200 33 "-" "Mozilla/5.0 (Windows NT 10.0; WOW64) AppleWebKit/537.36 (KHTML, like Gecko) Chrome/46.0.2490.86 Safari/537.36"
::1 - - [Thu, 31 Dec 2015 08:52:21 GMT] "GET /p/users/deleteUser?id=3 HTTP/1.1" 200 - "-" "Mozilla/5.0 (Windows NT 10.0; WOW64) AppleWebKit/537.36 (KHTML, like Gecko) Chrome/46.0.2490.86 Safari/537.36"
::1 - - [Thu, 31 Dec 2015 08:52:34 GMT] "GET /p/users/queryAll HTTP/1.1" 200 52 "-" "Mozilla/5.0 (Windows NT 10.0; WOW64) AppleWebKit/537.36 (KHTML, like Gecko) Chrome/46.0.2490.86 Safari/537.36"
::1 - - [Thu, 31 Dec 2015 08:52:44 GMT] "GET /p/users/query?id=1 HTTP/1.1" 200 52 "-" "Mozilla/5.0 (Windows NT 10.0; WOW64) AppleWebKit/537.36 (KHTML, like Gecko) Chrome/46.0.2490.86 Safari/537.36"
::1 - - [Thu, 31 Dec 2015 08:52:52 GMT] "GET /p/users HTTP/1.1" 200 23 "-" "Mozilla/5.0 (Windows NT 10.0; WOW64) AppleWebKit/537.36 (KHTML, like Gecko) Chrome/46.0.2490.86 Safari/537.36"
::1 - - [Thu, 31 Dec 2015 08:53:32 GMT] "GET /p/users/addUser?name=xxd&age=16&password=123456 HTTP/1.1" 200 33 "-" "Mozilla/5.0 (Windows NT 10.0; WOW64) AppleWebKit/537.36 (KHTML, like Gecko) Chrome/46.0.2490.86 Safari/537.36"
::1 - - [Thu, 31 Dec 2015 08:53:36 GMT] "GET /p/users/addUser?name=xxd&age=16&password=123456 HTTP/1.1" 304 - "-" "Mozilla/5.0 (Windows NT 10.0; WOW64) AppleWebKit/537.36 (KHTML, like Gecko) Chrome/46.0.2490.86 Safari/537.36"
::1 - - [Thu, 31 Dec 2015 08:53:57 GMT] "GET /p/users/deleteUser?id=3 HTTP/1.1" 200 33 "-" "Mozilla/5.0 (Windows NT 10.0; WOW64) AppleWebKit/537.36 (KHTML, like Gecko) Chrome/46.0.2490.86 Safari/537.36"
::1 - - [Thu, 31 Dec 2015 08:54:15 GMT] "GET /p/users/addUser?name=xxd&age=16&password=123456 HTTP/1.1" 304 - "-" "Mozilla/5.0 (Windows NT 10.0; WOW64) AppleWebKit/537.36 (KHTML, like Gecko) Chrome/46.0.2490.86 Safari/537.36"
::1 - - [Thu, 31 Dec 2015 09:03:09 GMT] "GET / HTTP/1.1" 304 - "-" "Mozilla/5.0 (Windows NT 10.0; WOW64) AppleWebKit/537.36 (KHTML, like Gecko) Chrome/46.0.2490.86 Safari/537.36"
::1 - - [Thu, 31 Dec 2015 09:03:10 GMT] "GET /favicon.ico HTTP/1.1" 404 1173 "http://localhost:1337/" "Mozilla/5.0 (Windows NT 10.0; WOW64) AppleWebKit/537.36 (KHTML, like Gecko) Chrome/46.0.2490.86 Safari/537.36"
::1 - - [Thu, 31 Dec 2015 09:17:02 GMT] "GET / HTTP/1.1" 304 - "-" "Mozilla/5.0 (Windows NT 10.0; WOW64) AppleWebKit/537.36 (KHTML, like Gecko) Chrome/46.0.2490.86 Safari/537.36"
::1 - - [Thu, 31 Dec 2015 09:17:03 GMT] "GET /favicon.ico HTTP/1.1" 404 1173 "http://localhost:1337/" "Mozilla/5.0 (Windows NT 10.0; WOW64) AppleWebKit/537.36 (KHTML, like Gecko) Chrome/46.0.2490.86 Safari/537.36"
::1 - - [Thu, 31 Dec 2015 09:43:32 GMT] "GET / HTTP/1.1" 304 - "-" "Mozilla/5.0 (Windows NT 10.0; WOW64) AppleWebKit/537.36 (KHTML, like Gecko) Chrome/46.0.2490.86 Safari/537.36"
::1 - - [Thu, 31 Dec 2015 09:43:32 GMT] "GET /favicon.ico HTTP/1.1" 404 1173 "http://localhost:1337/" "Mozilla/5.0 (Windows NT 10.0; WOW64) AppleWebKit/537.36 (KHTML, like Gecko) Chrome/46.0.2490.86 Safari/537.36"
::1 - - [Thu, 31 Dec 2015 09:43:43 GMT] "GET /p/users/queryAll HTTP/1.1" 200 154 "-" "Mozilla/5.0 (Windows NT 10.0; WOW64) AppleWebKit/537.36 (KHTML, like Gecko) Chrome/46.0.2490.86 Safari/537.36"
::1 - - [Thu, 31 Dec 2015 09:50:57 GMT] "GET / HTTP/1.1" 304 - "-" "Mozilla/5.0 (Windows NT 10.0; WOW64) AppleWebKit/537.36 (KHTML, like Gecko) Chrome/46.0.2490.86 Safari/537.36"
::1 - - [Thu, 31 Dec 2015 09:50:59 GMT] "GET /p/users/queryAll HTTP/1.1" 304 - "-" "Mozilla/5.0 (Windows NT 10.0; WOW64) AppleWebKit/537.36 (KHTML, like Gecko) Chrome/46.0.2490.86 Safari/537.36"
::1 - - [Thu, 31 Dec 2015 09:51:17 GMT] "GET /p/users/addUser?name=xxd&age=16&password=123456 HTTP/1.1" 304 - "-" "Mozilla/5.0 (Windows NT 10.0; WOW64) AppleWebKit/537.36 (KHTML, like Gecko) Chrome/46.0.2490.86 Safari/537.36"
::1 - - [Thu, 31 Dec 2015 09:51:43 GMT] "GET /p/users/deleteUser?id=3 HTTP/1.1" 200 - "-" "Mozilla/5.0 (Windows NT 10.0; WOW64) AppleWebKit/537.36 (KHTML, like Gecko) Chrome/46.0.2490.86 Safari/537.36"
::1 - - [Thu, 31 Dec 2015 09:51:48 GMT] "GET /p/users/deleteUser?id=5 HTTP/1.1" 200 33 "-" "Mozilla/5.0 (Windows NT 10.0; WOW64) AppleWebKit/537.36 (KHTML, like Gecko) Chrome/46.0.2490.86 Safari/537.36"
::1 - - [Thu, 31 Dec 2015 09:51:56 GMT] "GET /p/users/queryAll HTTP/1.1" 304 - "-" "Mozilla/5.0 (Windows NT 10.0; WOW64) AppleWebKit/537.36 (KHTML, like Gecko) Chrome/46.0.2490.86 Safari/537.36"
::1 - - [Thu, 31 Dec 2015 09:52:03 GMT] "GET /p/users/query?id=1 HTTP/1.1" 304 - "-" "Mozilla/5.0 (Windows NT 10.0; WOW64) AppleWebKit/537.36 (KHTML, like Gecko) Chrome/46.0.2490.86 Safari/537.36"
::1 - - [Thu, 31 Dec 2015 09:52:10 GMT] "GET /p/users HTTP/1.1" 304 - "-" "Mozilla/5.0 (Windows NT 10.0; WOW64) AppleWebKit/537.36 (KHTML, like Gecko) Chrome/46.0.2490.86 Safari/537.36"
